<?xml version="1.0" encoding="UTF-8"?>
<!-- Generated by org.testng.reporters.JUnitXMLReporter -->
<testsuite hostname="PC" name="Acceptance" tests="7" failures="0" timestamp="13 Jul 2015 11:32:03 GMT" time="0.064" errors="0">
  <testcase name="AddMemoryTest" time="0.021" classname="com.comarch.training.PositiveCases"/>
  <testcase name="AddingTest" time="0.001" classname="com.comarch.training.PositiveCases"/>
  <testcase name="DivideTest" time="0.001" classname="com.comarch.training.PositiveCases"/>
  <testcase name="GetMemoryTest" time="0.001" classname="com.comarch.training.PositiveCases"/>
  <testcase name="MinusTest" time="0.001" classname="com.comarch.training.PositiveCases"/>
  <testcase name="MultiplyTest" time="0.001" classname="com.comarch.training.PositiveCases"/>
  <testcase name="SetMemoryTest" time="0.0" classname="com.comarch.training.PositiveCases"/>
</testsuite> <!-- Acceptance -->
