<?xml version="1.0" encoding="UTF-8"?>
<!-- Generated by org.testng.reporters.JUnitXMLReporter -->
<testsuite hostname="PC" name="IntegrationLevel" tests="9" failures="0" timestamp="13 Jul 2015 11:32:03 GMT" time="0.011" errors="0">
  <testcase name="MinusTest" time="0.001" classname="com.comarch.training.FailingCases"/>
  <testcase name="MinusTest" time="0.0" classname="com.comarch.training.FailingCases"/>
  <testcase name="MinusTest" time="0.0" classname="com.comarch.training.FailingCases"/>
  <testcase name="AddingTest" time="0.0" classname="com.comarch.training.FailingCases"/>
  <testcase name="AddingTest" time="0.0" classname="com.comarch.training.FailingCases"/>
  <testcase name="AddingTest" time="0.0" classname="com.comarch.training.FailingCases"/>
  <testcase name="MultiplyTest" time="0.0" classname="com.comarch.training.FailingCases"/>
  <testcase name="MultiplyTest" time="0.004" classname="com.comarch.training.FailingCases"/>
  <testcase name="MultiplyTest" time="0.001" classname="com.comarch.training.FailingCases"/>
</testsuite> <!-- IntegrationLevel -->
